C:\ExciteTest\Santa\Santa\app\app.component.js
C:\ExciteTest\Santa\Santa\app\app.component.js.map
C:\ExciteTest\Santa\Santa\app\Models\IElf.js
C:\ExciteTest\Santa\Santa\app\Models\IElf.js.map
C:\ExciteTest\Santa\Santa\app\Service\elves.service.js
C:\ExciteTest\Santa\Santa\app\Service\elves.service.js.map
C:\ExciteTest\Santa\Santa\app\Shared\Operation.js
C:\ExciteTest\Santa\Santa\app\Shared\Operation.js.map
C:\ExciteTest\Santa\Santa\app\Shared\IntelligenceEnum.js
C:\ExciteTest\Santa\Santa\app\Shared\IntelligenceEnum.js.map
C:\ExciteTest\Santa\Santa\app\Shared\global.js
C:\ExciteTest\Santa\Santa\app\Shared\global.js.map
C:\ExciteTest\Santa\Santa\app\Shared\UrlProvider.js
C:\ExciteTest\Santa\Santa\app\Shared\UrlProvider.js.map
C:\ExciteTest\Santa\Santa\app\components\Elves\elves.compoment.js
C:\ExciteTest\Santa\Santa\app\components\Elves\elves.compoment.js.map
C:\ExciteTest\Santa\Santa\app\components\Home\home.component.js
C:\ExciteTest\Santa\Santa\app\components\Home\home.component.js.map
C:\ExciteTest\Santa\Santa\app\app.routing.js
C:\ExciteTest\Santa\Santa\app\app.routing.js.map
C:\ExciteTest\Santa\Santa\app\app.module.js
C:\ExciteTest\Santa\Santa\app\app.module.js.map
C:\ExciteTest\Santa\Santa\app\main.js
C:\ExciteTest\Santa\Santa\app\main.js.map
C:\ExciteTest\Santa\Santa\app\Shared\Formatter.js
C:\ExciteTest\Santa\Santa\app\Shared\Formatter.js.map
C:\ExciteTest\Santa\Santa\app\app.component.js
C:\ExciteTest\Santa\Santa\app\app.component.js.map
C:\ExciteTest\Santa\Santa\app\Models\IElf.js
C:\ExciteTest\Santa\Santa\app\Models\IElf.js.map
C:\ExciteTest\Santa\Santa\app\Service\elves.service.js
C:\ExciteTest\Santa\Santa\app\Service\elves.service.js.map
C:\ExciteTest\Santa\Santa\app\Shared\Operation.js
C:\ExciteTest\Santa\Santa\app\Shared\Operation.js.map
C:\ExciteTest\Santa\Santa\app\Shared\IntelligenceEnum.js
C:\ExciteTest\Santa\Santa\app\Shared\IntelligenceEnum.js.map
C:\ExciteTest\Santa\Santa\app\Shared\global.js
C:\ExciteTest\Santa\Santa\app\Shared\global.js.map
C:\ExciteTest\Santa\Santa\app\Shared\UrlProvider.js
C:\ExciteTest\Santa\Santa\app\Shared\UrlProvider.js.map
C:\ExciteTest\Santa\Santa\app\components\Elves\elves.compoment.js
C:\ExciteTest\Santa\Santa\app\components\Elves\elves.compoment.js.map
C:\ExciteTest\Santa\Santa\app\components\Home\home.component.js
C:\ExciteTest\Santa\Santa\app\components\Home\home.component.js.map
C:\ExciteTest\Santa\Santa\app\app.routing.js
C:\ExciteTest\Santa\Santa\app\app.routing.js.map
C:\ExciteTest\Santa\Santa\app\app.module.js
C:\ExciteTest\Santa\Santa\app\app.module.js.map
C:\ExciteTest\Santa\Santa\app\main.js
C:\ExciteTest\Santa\Santa\app\main.js.map
C:\ExciteTest\Santa\Santa\app\Shared\Formatter.js
C:\ExciteTest\Santa\Santa\app\Shared\Formatter.js.map
